<?xml version="1.0" encoding="UTF-8"?>
<!-- Generated by org.testng.reporters.JUnitXMLReporter -->
<testsuite hostname="DESKTOP-95P10MB" name="Test" tests="124" failures="0" timestamp="2 Aug 2019 08:06:39 GMT" time="2.983" errors="0">
  <testcase name="@BeforeTest execute" time="0.0" classname="com.google.testcases.Goggle_03_CalenderTest">
    <skipped/>
  </testcase> <!-- @BeforeTest execute -->
  <testcase name="@BeforeTest execute" time="0.0" classname="com.google.testcases.Goggle_03_CalenderTest">
    <skipped/>
  </testcase> <!-- @BeforeTest execute -->
  <testcase name="@BeforeTest execute" time="0.0" classname="com.google.testcases.Goggle_03_CalenderTest">
    <skipped/>
  </testcase> <!-- @BeforeTest execute -->
  <testcase name="@BeforeTest execute" time="0.0" classname="com.google.testcases.Goggle_03_CalenderTest">
    <skipped/>
  </testcase> <!-- @BeforeTest execute -->
  <testcase name="@BeforeTest execute" time="0.0" classname="com.google.testcases.Goggle_03_CalenderTest">
    <skipped/>
  </testcase> <!-- @BeforeTest execute -->
  <testcase name="@BeforeTest execute" time="0.0" classname="com.google.testcases.Goggle_03_CalenderTest">
    <skipped/>
  </testcase> <!-- @BeforeTest execute -->
  <testcase name="@BeforeTest execute" time="0.0" classname="com.google.testcases.Goggle_03_CalenderTest">
    <skipped/>
  </testcase> <!-- @BeforeTest execute -->
  <testcase name="@BeforeTest execute" time="0.0" classname="com.google.testcases.Goggle_03_CalenderTest">
    <skipped/>
  </testcase> <!-- @BeforeTest execute -->
  <testcase name="@BeforeTest execute" time="0.0" classname="com.google.testcases.Goggle_03_CalenderTest">
    <skipped/>
  </testcase> <!-- @BeforeTest execute -->
  <testcase name="@BeforeTest execute" time="0.0" classname="com.google.testcases.Goggle_03_CalenderTest">
    <skipped/>
  </testcase> <!-- @BeforeTest execute -->
  <testcase name="@BeforeTest execute" time="0.0" classname="com.google.testcases.Goggle_03_CalenderTest">
    <skipped/>
  </testcase> <!-- @BeforeTest execute -->
  <testcase name="@BeforeTest execute" time="0.0" classname="com.google.testcases.Goggle_03_CalenderTest">
    <skipped/>
  </testcase> <!-- @BeforeTest execute -->
  <testcase name="@BeforeTest execute" time="0.0" classname="com.google.testcases.Goggle_03_CalenderTest">
    <skipped/>
  </testcase> <!-- @BeforeTest execute -->
  <testcase name="@BeforeTest execute" time="0.0" classname="com.google.testcases.Goggle_03_CalenderTest">
    <skipped/>
  </testcase> <!-- @BeforeTest execute -->
  <testcase name="@BeforeTest execute" time="0.0" classname="com.google.testcases.Goggle_03_CalenderTest">
    <skipped/>
  </testcase> <!-- @BeforeTest execute -->
  <testcase name="@BeforeTest execute" time="0.0" classname="com.google.testcases.Goggle_03_CalenderTest">
    <skipped/>
  </testcase> <!-- @BeforeTest execute -->
  <testcase name="@BeforeTest execute" time="0.0" classname="com.google.testcases.Goggle_03_CalenderTest">
    <skipped/>
  </testcase> <!-- @BeforeTest execute -->
  <testcase name="@BeforeTest execute" time="0.0" classname="com.google.testcases.Goggle_03_CalenderTest">
    <skipped/>
  </testcase> <!-- @BeforeTest execute -->
  <testcase name="@BeforeTest execute" time="0.0" classname="com.google.testcases.Goggle_03_CalenderTest">
    <skipped/>
  </testcase> <!-- @BeforeTest execute -->
  <testcase name="@BeforeTest execute" time="0.0" classname="com.google.testcases.Goggle_03_CalenderTest">
    <skipped/>
  </testcase> <!-- @BeforeTest execute -->
  <testcase name="@BeforeTest execute" time="0.0" classname="com.google.testcases.Goggle_03_CalenderTest">
    <skipped/>
  </testcase> <!-- @BeforeTest execute -->
  <testcase name="@BeforeTest execute" time="0.0" classname="com.google.testcases.Goggle_03_CalenderTest">
    <skipped/>
  </testcase> <!-- @BeforeTest execute -->
  <testcase name="@BeforeTest execute" time="0.0" classname="com.google.testcases.Goggle_03_CalenderTest">
    <skipped/>
  </testcase> <!-- @BeforeTest execute -->
  <testcase name="@BeforeTest execute" time="0.0" classname="com.google.testcases.Goggle_03_CalenderTest">
    <skipped/>
  </testcase> <!-- @BeforeTest execute -->
  <testcase name="@BeforeTest execute" time="0.0" classname="com.google.testcases.Goggle_03_CalenderTest">
    <skipped/>
  </testcase> <!-- @BeforeTest execute -->
  <testcase name="@BeforeTest execute" time="0.0" classname="com.google.testcases.Goggle_03_CalenderTest">
    <skipped/>
  </testcase> <!-- @BeforeTest execute -->
  <testcase name="@BeforeTest execute" time="0.0" classname="com.google.testcases.Goggle_03_CalenderTest">
    <skipped/>
  </testcase> <!-- @BeforeTest execute -->
  <testcase name="@BeforeTest execute" time="0.0" classname="com.google.testcases.Goggle_03_CalenderTest">
    <skipped/>
  </testcase> <!-- @BeforeTest execute -->
  <testcase name="@BeforeTest execute" time="0.0" classname="com.google.testcases.Goggle_03_CalenderTest">
    <skipped/>
  </testcase> <!-- @BeforeTest execute -->
  <testcase name="@BeforeTest execute" time="0.0" classname="com.google.testcases.Goggle_03_CalenderTest">
    <skipped/>
  </testcase> <!-- @BeforeTest execute -->
  <testcase name="@BeforeTest execute" time="0.0" classname="com.google.testcases.Goggle_03_CalenderTest">
    <skipped/>
  </testcase> <!-- @BeforeTest execute -->
  <testcase name="@BeforeTest execute" time="0.0" classname="com.google.testcases.Goggle_03_CalenderTest">
    <skipped/>
  </testcase> <!-- @BeforeTest execute -->
  <testcase name="@BeforeTest execute" time="0.0" classname="com.google.testcases.Goggle_03_CalenderTest">
    <skipped/>
  </testcase> <!-- @BeforeTest execute -->
  <testcase name="@BeforeTest execute" time="0.0" classname="com.google.testcases.Goggle_03_CalenderTest">
    <skipped/>
  </testcase> <!-- @BeforeTest execute -->
  <testcase name="@BeforeTest execute" time="0.0" classname="com.google.testcases.Goggle_03_CalenderTest">
    <skipped/>
  </testcase> <!-- @BeforeTest execute -->
  <testcase name="@BeforeTest execute" time="0.0" classname="com.google.testcases.Goggle_03_CalenderTest">
    <skipped/>
  </testcase> <!-- @BeforeTest execute -->
  <testcase name="@BeforeTest execute" time="0.0" classname="com.google.testcases.Goggle_03_CalenderTest">
    <skipped/>
  </testcase> <!-- @BeforeTest execute -->
  <testcase name="@BeforeTest execute" time="0.0" classname="com.google.testcases.Goggle_03_CalenderTest">
    <skipped/>
  </testcase> <!-- @BeforeTest execute -->
  <testcase name="@BeforeMethod quit" time="0.0" classname="com.google.testcases.Google_03_GooglePlusTest">
    <skipped/>
  </testcase> <!-- @BeforeMethod quit -->
  <testcase name="@BeforeMethod setup" time="0.0" classname="com.google.testcases.Google_03_GooglePlusTest">
    <skipped/>
  </testcase> <!-- @BeforeMethod setup -->
  <testcase name="@BeforeMethod quit" time="0.0" classname="com.google.testcases.Google_03_GooglePlusTest">
    <skipped/>
  </testcase> <!-- @BeforeMethod quit -->
  <testcase name="@BeforeMethod setup" time="0.0" classname="com.google.testcases.Google_03_GooglePlusTest">
    <skipped/>
  </testcase> <!-- @BeforeMethod setup -->
  <testcase name="@BeforeMethod quit" time="0.0" classname="com.google.testcases.Google_03_GooglePlusTest">
    <skipped/>
  </testcase> <!-- @BeforeMethod quit -->
  <testcase name="@BeforeMethod setup" time="0.0" classname="com.google.testcases.Google_03_GooglePlusTest">
    <skipped/>
  </testcase> <!-- @BeforeMethod setup -->
  <testcase name="@BeforeMethod setup" time="0.0" classname="com.google.testcases.Google_03_DriveTest">
    <skipped/>
  </testcase> <!-- @BeforeMethod setup -->
  <testcase name="@AfterMethod quit" time="0.0" classname="com.google.testcases.Google_03_DriveTest">
    <skipped/>
  </testcase> <!-- @AfterMethod quit -->
  <testcase name="@BeforeMethod setup" time="0.0" classname="com.google.testcases.Google_03_DriveTest">
    <skipped/>
  </testcase> <!-- @BeforeMethod setup -->
  <testcase name="@AfterMethod quit" time="0.0" classname="com.google.testcases.Google_03_DriveTest">
    <skipped/>
  </testcase> <!-- @AfterMethod quit -->
  <testcase name="@BeforeMethod setup" time="0.0" classname="com.google.testcases.Google_03_DriveTest">
    <skipped/>
  </testcase> <!-- @BeforeMethod setup -->
  <testcase name="@AfterMethod quit" time="0.0" classname="com.google.testcases.Google_03_DriveTest">
    <skipped/>
  </testcase> <!-- @AfterMethod quit -->
  <testcase name="@BeforeMethod setup" time="0.0" classname="com.google.testcases.Google_03_DriveTest">
    <skipped/>
  </testcase> <!-- @BeforeMethod setup -->
  <testcase name="@AfterMethod quit" time="0.0" classname="com.google.testcases.Google_03_DriveTest">
    <skipped/>
  </testcase> <!-- @AfterMethod quit -->
  <testcase name="@BeforeMethod setup" time="0.0" classname="com.google.testcases.Google_03_DriveTest">
    <skipped/>
  </testcase> <!-- @BeforeMethod setup -->
  <testcase name="@AfterMethod quit" time="0.0" classname="com.google.testcases.Google_03_DriveTest">
    <skipped/>
  </testcase> <!-- @AfterMethod quit -->
  <testcase name="@BeforeMethod setup" time="0.0" classname="com.google.testcases.Google_03_DriveTest">
    <skipped/>
  </testcase> <!-- @BeforeMethod setup -->
  <testcase name="@AfterMethod quit" time="0.0" classname="com.google.testcases.Google_03_DriveTest">
    <skipped/>
  </testcase> <!-- @AfterMethod quit -->
  <testcase name="@BeforeMethod setup" time="0.0" classname="com.google.testcases.Google_03_NewsTest">
    <skipped/>
  </testcase> <!-- @BeforeMethod setup -->
  <testcase name="@AfterMethod quit" time="0.0" classname="com.google.testcases.Google_03_NewsTest">
    <skipped/>
  </testcase> <!-- @AfterMethod quit -->
  <testcase name="@BeforeMethod setup" time="0.0" classname="com.google.testcases.Google_03_NewsTest">
    <skipped/>
  </testcase> <!-- @BeforeMethod setup -->
  <testcase name="@AfterMethod quit" time="0.0" classname="com.google.testcases.Google_03_NewsTest">
    <skipped/>
  </testcase> <!-- @AfterMethod quit -->
  <testcase name="@BeforeMethod setup" time="0.0" classname="com.google.testcases.Google_03_NewsTest">
    <skipped/>
  </testcase> <!-- @BeforeMethod setup -->
  <testcase name="@AfterMethod quit" time="0.0" classname="com.google.testcases.Google_03_NewsTest">
    <skipped/>
  </testcase> <!-- @AfterMethod quit -->
  <testcase name="@BeforeMethod setup" time="0.0" classname="com.google.testcases.Google_04_MapSignInTest">
    <skipped/>
  </testcase> <!-- @BeforeMethod setup -->
  <testcase name="@BeforeMethod setup" time="0.0" classname="com.google.testcases.Google_04_DriveSignInTest">
    <skipped/>
  </testcase> <!-- @BeforeMethod setup -->
  <testcase name="@AfterMethod quit" time="0.0" classname="com.google.testcases.Google_04_DriveSignInTest">
    <skipped/>
  </testcase> <!-- @AfterMethod quit -->
  <testcase name="@BeforeMethod setup" time="0.0" classname="com.google.testcases.Google_20_VerifyGmailSignOutTest">
    <skipped/>
  </testcase> <!-- @BeforeMethod setup -->
  <testcase name="@AfterMethod quit" time="0.0" classname="com.google.testcases.Google_20_VerifyGmailSignOutTest">
    <skipped/>
  </testcase> <!-- @AfterMethod quit -->
  <testcase name="@BeforeMethod setup" time="0.0" classname="com.google.testcases.Google_04_AccountSignInTest">
    <skipped/>
  </testcase> <!-- @BeforeMethod setup -->
  <testcase name="@AfterMethod quit" time="0.0" classname="com.google.testcases.Google_04_AccountSignInTest">
    <skipped/>
  </testcase> <!-- @AfterMethod quit -->
  <testcase name="@BeforeMethod setup" time="0.0" classname="com.google.testcases.Google_04_AccountSignInTest">
    <skipped/>
  </testcase> <!-- @BeforeMethod setup -->
  <testcase name="@AfterMethod quit" time="0.0" classname="com.google.testcases.Google_04_AccountSignInTest">
    <skipped/>
  </testcase> <!-- @AfterMethod quit -->
  <testcase name="@BeforeMethod setup" time="0.0" classname="com.google.testcases.Google_14_VerifyGmailSendTest">
    <skipped/>
  </testcase> <!-- @BeforeMethod setup -->
  <testcase name="@AfterMethod quit" time="0.0" classname="com.google.testcases.Google_14_VerifyGmailSendTest">
    <skipped/>
  </testcase> <!-- @AfterMethod quit -->
  <testcase name="@BeforeMethod setup" time="0.0" classname="com.google.testcases.Google_03_MyAccountTest">
    <skipped/>
  </testcase> <!-- @BeforeMethod setup -->
  <testcase name="@BeforeMethod setup" time="0.0" classname="com.google.testcases.Google_03_MyAccountTest">
    <skipped/>
  </testcase> <!-- @BeforeMethod setup -->
  <testcase name="@BeforeMethod setup" time="0.0" classname="com.google.testcases.Goggle_03_CalenderTest">
    <skipped/>
  </testcase> <!-- @BeforeMethod setup -->
  <testcase name="@BeforeMethod setup" time="0.0" classname="com.google.testcases.Google_13_GmailComposeVerifyTest">
    <skipped/>
  </testcase> <!-- @BeforeMethod setup -->
  <testcase name="@BeforeMethod setup" time="0.0" classname="com.google.testcases.Google_08_ProductWebTest">
    <skipped/>
  </testcase> <!-- @BeforeMethod setup -->
  <testcase name="@AfterMethod quit" time="0.0" classname="com.google.testcases.Google_08_ProductWebTest">
    <skipped/>
  </testcase> <!-- @AfterMethod quit -->
  <testcase name="@BeforeMethod setup" time="0.0" classname="com.google.testcases.Google_08_ProductWebTest">
    <skipped/>
  </testcase> <!-- @BeforeMethod setup -->
  <testcase name="@AfterMethod quit" time="0.0" classname="com.google.testcases.Google_08_ProductWebTest">
    <skipped/>
  </testcase> <!-- @AfterMethod quit -->
  <testcase name="@BeforeMethod setup" time="0.0" classname="com.google.testcases.Google_08_ProductWebTest">
    <skipped/>
  </testcase> <!-- @BeforeMethod setup -->
  <testcase name="@AfterMethod quit" time="0.0" classname="com.google.testcases.Google_08_ProductWebTest">
    <skipped/>
  </testcase> <!-- @AfterMethod quit -->
  <testcase name="@BeforeMethod setup" time="0.0" classname="com.google.testcases.Google_08_ProductWebTest">
    <skipped/>
  </testcase> <!-- @BeforeMethod setup -->
  <testcase name="@AfterMethod quit" time="0.0" classname="com.google.testcases.Google_08_ProductWebTest">
    <skipped/>
  </testcase> <!-- @AfterMethod quit -->
  <testcase name="@BeforeMethod setup" time="0.0" classname="com.google.testcases.Google_08_ProductWebTest">
    <skipped/>
  </testcase> <!-- @BeforeMethod setup -->
  <testcase name="@AfterMethod quit" time="0.0" classname="com.google.testcases.Google_08_ProductWebTest">
    <skipped/>
  </testcase> <!-- @AfterMethod quit -->
  <testcase name="@BeforeMethod setup" time="0.0" classname="com.google.testcases.Google_08_ProductWebTest">
    <skipped/>
  </testcase> <!-- @BeforeMethod setup -->
  <testcase name="@AfterMethod quit" time="0.0" classname="com.google.testcases.Google_08_ProductWebTest">
    <skipped/>
  </testcase> <!-- @AfterMethod quit -->
  <testcase name="@BeforeMethod setup" time="0.0" classname="com.google.testcases.Google_08_ProductWebTest">
    <skipped/>
  </testcase> <!-- @BeforeMethod setup -->
  <testcase name="@AfterMethod quit" time="0.0" classname="com.google.testcases.Google_08_ProductWebTest">
    <skipped/>
  </testcase> <!-- @AfterMethod quit -->
  <testcase name="@BeforeMethod setup" time="0.0" classname="com.google.testcases.Google_08_ProductWebTest">
    <skipped/>
  </testcase> <!-- @BeforeMethod setup -->
  <testcase name="@AfterMethod quit" time="0.0" classname="com.google.testcases.Google_08_ProductWebTest">
    <skipped/>
  </testcase> <!-- @AfterMethod quit -->
  <testcase name="@BeforeMethod setup" time="0.0" classname="com.google.testcases.Google_08_ProductWebTest">
    <skipped/>
  </testcase> <!-- @BeforeMethod setup -->
  <testcase name="@AfterMethod quit" time="0.0" classname="com.google.testcases.Google_08_ProductWebTest">
    <skipped/>
  </testcase> <!-- @AfterMethod quit -->
  <testcase name="@BeforeMethod setup" time="0.0" classname="com.google.testcases.Google_08_ProductWebTest">
    <skipped/>
  </testcase> <!-- @BeforeMethod setup -->
  <testcase name="@AfterMethod quit" time="0.0" classname="com.google.testcases.Google_08_ProductWebTest">
    <skipped/>
  </testcase> <!-- @AfterMethod quit -->
  <testcase name="@BeforeMethod setup" time="0.0" classname="com.google.testcases.Google_08_ProductWebTest">
    <skipped/>
  </testcase> <!-- @BeforeMethod setup -->
  <testcase name="@AfterMethod quit" time="0.0" classname="com.google.testcases.Google_08_ProductWebTest">
    <skipped/>
  </testcase> <!-- @AfterMethod quit -->
  <testcase name="@BeforeMethod setup" time="0.0" classname="com.google.testcases.Google_08_ProductWebTest">
    <skipped/>
  </testcase> <!-- @BeforeMethod setup -->
  <testcase name="@AfterMethod quit" time="0.0" classname="com.google.testcases.Google_08_ProductWebTest">
    <skipped/>
  </testcase> <!-- @AfterMethod quit -->
  <testcase name="@BeforeMethod setup" time="0.0" classname="com.google.testcases.Google_08_ProductWebTest">
    <skipped/>
  </testcase> <!-- @BeforeMethod setup -->
  <testcase name="@AfterMethod quit" time="0.0" classname="com.google.testcases.Google_08_ProductWebTest">
    <skipped/>
  </testcase> <!-- @AfterMethod quit -->
  <testcase name="@BeforeMethod setup" time="0.0" classname="com.google.testcases.Google_08_ProductWebTest">
    <skipped/>
  </testcase> <!-- @BeforeMethod setup -->
  <testcase name="@AfterMethod quit" time="0.0" classname="com.google.testcases.Google_08_ProductWebTest">
    <skipped/>
  </testcase> <!-- @AfterMethod quit -->
  <testcase name="@BeforeMethod setup" time="0.0" classname="com.google.testcases.Google_08_ProductWebTest">
    <skipped/>
  </testcase> <!-- @BeforeMethod setup -->
  <testcase name="@AfterMethod quit" time="0.0" classname="com.google.testcases.Google_08_ProductWebTest">
    <skipped/>
  </testcase> <!-- @AfterMethod quit -->
  <testcase name="@BeforeMethod setup" time="0.0" classname="com.google.testcases.Google_08_ProductWebTest">
    <skipped/>
  </testcase> <!-- @BeforeMethod setup -->
  <testcase name="@AfterMethod quit" time="0.0" classname="com.google.testcases.Google_08_ProductWebTest">
    <skipped/>
  </testcase> <!-- @AfterMethod quit -->
  <testcase name="@BeforeMethod setup" time="0.0" classname="com.google.testcases.Google_08_ProductWebTest">
    <skipped/>
  </testcase> <!-- @BeforeMethod setup -->
  <testcase name="@AfterMethod quit" time="0.0" classname="com.google.testcases.Google_08_ProductWebTest">
    <skipped/>
  </testcase> <!-- @AfterMethod quit -->
  <testcase name="@BeforeMethod setup" time="0.0" classname="com.google.testcases.Google_08_ProductWebTest">
    <skipped/>
  </testcase> <!-- @BeforeMethod setup -->
  <testcase name="@AfterMethod quit" time="0.0" classname="com.google.testcases.Google_08_ProductWebTest">
    <skipped/>
  </testcase> <!-- @AfterMethod quit -->
  <testcase name="@BeforeMethod setup" time="0.0" classname="com.google.testcases.Google_08_ProductWebTest">
    <skipped/>
  </testcase> <!-- @BeforeMethod setup -->
  <testcase name="@AfterMethod quit" time="0.0" classname="com.google.testcases.Google_08_ProductWebTest">
    <skipped/>
  </testcase> <!-- @AfterMethod quit -->
  <testcase name="@BeforeMethod setup" time="0.0" classname="com.google.testcases.Google_08_ProductWebTest">
    <skipped/>
  </testcase> <!-- @BeforeMethod setup -->
  <testcase name="@AfterMethod quit" time="0.0" classname="com.google.testcases.Google_08_ProductWebTest">
    <skipped/>
  </testcase> <!-- @AfterMethod quit -->
  <testcase name="@BeforeMethod setup" time="0.0" classname="com.google.testcases.Google_08_ProductWebTest">
    <skipped/>
  </testcase> <!-- @BeforeMethod setup -->
  <testcase name="@AfterMethod quit" time="0.0" classname="com.google.testcases.Google_08_ProductWebTest">
    <skipped/>
  </testcase> <!-- @AfterMethod quit -->
  <testcase name="@BeforeMethod setup" time="0.0" classname="com.google.testcases.Google_08_ProductWebTest">
    <skipped/>
  </testcase> <!-- @BeforeMethod setup -->
  <testcase name="@AfterMethod quit" time="0.0" classname="com.google.testcases.Google_08_ProductWebTest">
    <skipped/>
  </testcase> <!-- @AfterMethod quit -->
  <testcase name="@BeforeMethod setup" time="0.0" classname="com.google.testcases.Google_08_ProductWebTest">
    <skipped/>
  </testcase> <!-- @BeforeMethod setup -->
  <testcase name="@AfterMethod quit" time="0.0" classname="com.google.testcases.Google_08_ProductWebTest">
    <skipped/>
  </testcase> <!-- @AfterMethod quit -->
  <testcase name="@BeforeMethod setup" time="0.0" classname="com.google.testcases.Google_08_ProductWebTest">
    <skipped/>
  </testcase> <!-- @BeforeMethod setup -->
  <testcase name="@AfterMethod quit" time="0.0" classname="com.google.testcases.Google_08_ProductWebTest">
    <skipped/>
  </testcase> <!-- @AfterMethod quit -->
  <testcase name="@BeforeMethod setup" time="0.0" classname="com.google.testcases.Google_08_ProductWebTest">
    <skipped/>
  </testcase> <!-- @BeforeMethod setup -->
  <testcase name="@AfterMethod quit" time="0.0" classname="com.google.testcases.Google_08_ProductWebTest">
    <skipped/>
  </testcase> <!-- @AfterMethod quit -->
  <testcase name="@BeforeMethod setup" time="0.0" classname="com.google.testcases.Google_08_ProductWebTest">
    <skipped/>
  </testcase> <!-- @BeforeMethod setup -->
  <testcase name="@AfterMethod quit" time="0.0" classname="com.google.testcases.Google_08_ProductWebTest">
    <skipped/>
  </testcase> <!-- @AfterMethod quit -->
  <testcase name="@BeforeMethod setup" time="0.0" classname="com.google.testcases.Google_08_ProductWebTest">
    <skipped/>
  </testcase> <!-- @BeforeMethod setup -->
  <testcase name="@AfterMethod quit" time="0.0" classname="com.google.testcases.Google_08_ProductWebTest">
    <skipped/>
  </testcase> <!-- @AfterMethod quit -->
  <testcase name="@BeforeMethod setup" time="0.0" classname="com.google.testcases.Google_08_ProductWebTest">
    <skipped/>
  </testcase> <!-- @BeforeMethod setup -->
  <testcase name="@AfterMethod quit" time="0.0" classname="com.google.testcases.Google_08_ProductWebTest">
    <skipped/>
  </testcase> <!-- @AfterMethod quit -->
  <testcase name="@BeforeMethod setup" time="0.0" classname="com.google.testcases.Google_08_ProductWebTest">
    <skipped/>
  </testcase> <!-- @BeforeMethod setup -->
  <testcase name="@AfterMethod quit" time="0.0" classname="com.google.testcases.Google_08_ProductWebTest">
    <skipped/>
  </testcase> <!-- @AfterMethod quit -->
  <testcase name="@BeforeMethod setup" time="0.0" classname="com.google.testcases.Google_08_ProductWebTest">
    <skipped/>
  </testcase> <!-- @BeforeMethod setup -->
  <testcase name="@AfterMethod quit" time="0.0" classname="com.google.testcases.Google_08_ProductWebTest">
    <skipped/>
  </testcase> <!-- @AfterMethod quit -->
  <testcase name="@BeforeMethod setup" time="0.0" classname="com.google.testcases.Google_08_ProductWebTest">
    <skipped/>
  </testcase> <!-- @BeforeMethod setup -->
  <testcase name="@AfterMethod quit" time="0.0" classname="com.google.testcases.Google_08_ProductWebTest">
    <skipped/>
  </testcase> <!-- @AfterMethod quit -->
  <testcase name="@BeforeMethod setup" time="0.0" classname="com.google.testcases.Google_08_ProductWebTest">
    <skipped/>
  </testcase> <!-- @BeforeMethod setup -->
  <testcase name="@AfterMethod quit" time="0.0" classname="com.google.testcases.Google_08_ProductWebTest">
    <skipped/>
  </testcase> <!-- @AfterMethod quit -->
  <testcase name="@BeforeMethod setup" time="0.0" classname="com.google.testcases.Google_08_ProductWebTest">
    <skipped/>
  </testcase> <!-- @BeforeMethod setup -->
  <testcase name="@AfterMethod quit" time="0.0" classname="com.google.testcases.Google_08_ProductWebTest">
    <skipped/>
  </testcase> <!-- @AfterMethod quit -->
  <testcase name="@BeforeMethod setup" time="0.0" classname="com.google.testcases.Google_08_ProductWebTest">
    <skipped/>
  </testcase> <!-- @BeforeMethod setup -->
  <testcase name="@AfterMethod quit" time="0.0" classname="com.google.testcases.Google_08_ProductWebTest">
    <skipped/>
  </testcase> <!-- @AfterMethod quit -->
  <testcase name="@BeforeMethod setup" time="0.0" classname="com.google.testcases.Google_08_ProductWebTest">
    <skipped/>
  </testcase> <!-- @BeforeMethod setup -->
  <testcase name="@AfterMethod quit" time="0.0" classname="com.google.testcases.Google_08_ProductWebTest">
    <skipped/>
  </testcase> <!-- @AfterMethod quit -->
  <testcase name="@BeforeMethod setup" time="0.0" classname="com.google.testcases.Google_08_ProductWebTest">
    <skipped/>
  </testcase> <!-- @BeforeMethod setup -->
  <testcase name="@AfterMethod quit" time="0.0" classname="com.google.testcases.Google_08_ProductWebTest">
    <skipped/>
  </testcase> <!-- @AfterMethod quit -->
  <testcase name="@BeforeMethod setup" time="0.0" classname="com.google.testcases.Google_08_ProductWebTest">
    <skipped/>
  </testcase> <!-- @BeforeMethod setup -->
  <testcase name="@AfterMethod quit" time="0.0" classname="com.google.testcases.Google_08_ProductWebTest">
    <skipped/>
  </testcase> <!-- @AfterMethod quit -->
  <testcase name="@BeforeMethod setup" time="0.0" classname="com.google.testcases.Google_08_ProductWebTest">
    <skipped/>
  </testcase> <!-- @BeforeMethod setup -->
  <testcase name="@AfterMethod quit" time="0.0" classname="com.google.testcases.Google_08_ProductWebTest">
    <skipped/>
  </testcase> <!-- @AfterMethod quit -->
  <testcase name="@BeforeMethod setup" time="0.0" classname="com.google.testcases.Google_08_ProductWebTest">
    <skipped/>
  </testcase> <!-- @BeforeMethod setup -->
  <testcase name="@AfterMethod quit" time="0.0" classname="com.google.testcases.Google_08_ProductWebTest">
    <skipped/>
  </testcase> <!-- @AfterMethod quit -->
  <testcase name="@BeforeMethod setup" time="0.0" classname="com.google.testcases.Google_08_ProductWebTest">
    <skipped/>
  </testcase> <!-- @BeforeMethod setup -->
  <testcase name="@AfterMethod quit" time="0.0" classname="com.google.testcases.Google_08_ProductWebTest">
    <skipped/>
  </testcase> <!-- @AfterMethod quit -->
  <testcase name="@BeforeMethod setup" time="0.0" classname="com.google.testcases.Google_08_ProductWebTest">
    <skipped/>
  </testcase> <!-- @BeforeMethod setup -->
  <testcase name="@AfterMethod quit" time="0.0" classname="com.google.testcases.Google_08_ProductWebTest">
    <skipped/>
  </testcase> <!-- @AfterMethod quit -->
  <testcase name="@BeforeMethod setup" time="0.0" classname="com.google.testcases.Google_08_ProductWebTest">
    <skipped/>
  </testcase> <!-- @BeforeMethod setup -->
  <testcase name="@AfterMethod quit" time="0.0" classname="com.google.testcases.Google_08_ProductWebTest">
    <skipped/>
  </testcase> <!-- @AfterMethod quit -->
  <testcase name="@BeforeMethod setup" time="0.0" classname="com.google.testcases.Google_03_TranslateTest">
    <skipped/>
  </testcase> <!-- @BeforeMethod setup -->
  <testcase name="@AfterMethod quit" time="0.0" classname="com.google.testcases.Google_03_TranslateTest">
    <skipped/>
  </testcase> <!-- @AfterMethod quit -->
  <testcase name="@BeforeMethod setup" time="0.0" classname="com.google.testcases.Google_03_TranslateTest">
    <skipped/>
  </testcase> <!-- @BeforeMethod setup -->
  <testcase name="@AfterMethod quit" time="0.0" classname="com.google.testcases.Google_03_TranslateTest">
    <skipped/>
  </testcase> <!-- @AfterMethod quit -->
  <testcase name="@BeforeMethod setup" time="0.0" classname="com.google.testcases.Google_03_TranslateTest">
    <skipped/>
  </testcase> <!-- @BeforeMethod setup -->
  <testcase name="@AfterMethod quit" time="0.0" classname="com.google.testcases.Google_03_TranslateTest">
    <skipped/>
  </testcase> <!-- @AfterMethod quit -->
  <testcase name="@BeforeMethod setup" time="0.0" classname="com.google.testcases.Google_16_GmailAttachmentTest">
    <skipped/>
  </testcase> <!-- @BeforeMethod setup -->
  <testcase name="@BeforeMethod setup" time="0.0" classname="com.google.testcases.Google_07_VerifySearchTest">
    <skipped/>
  </testcase> <!-- @BeforeMethod setup -->
  <testcase name="@BeforeMethod setup" time="0.0" classname="com.google.testcases.Google04_PlayStoreSignInTest">
    <skipped/>
  </testcase> <!-- @BeforeMethod setup -->
  <testcase name="@AfterMethod quit" time="0.0" classname="com.google.testcases.Google04_PlayStoreSignInTest">
    <skipped/>
  </testcase> <!-- @AfterMethod quit -->
  <testcase name="@BeforeMethod setup" time="0.0" classname="com.google.testcases.Google_02_Test">
    <skipped/>
  </testcase> <!-- @BeforeMethod setup -->
  <testcase name="@AfterMethod quit" time="0.0" classname="com.google.testcases.Google_02_Test">
    <skipped/>
  </testcase> <!-- @AfterMethod quit -->
  <testcase name="@BeforeMethod setup" time="0.0" classname="com.google.testcases.Google_02_Test">
    <skipped/>
  </testcase> <!-- @BeforeMethod setup -->
  <testcase name="@AfterMethod quit" time="0.0" classname="com.google.testcases.Google_02_Test">
    <skipped/>
  </testcase> <!-- @AfterMethod quit -->
  <testcase name="@BeforeMethod setup" time="0.0" classname="com.google.testcases.Google_02_Test">
    <skipped/>
  </testcase> <!-- @BeforeMethod setup -->
  <testcase name="@AfterMethod quit" time="0.0" classname="com.google.testcases.Google_02_Test">
    <skipped/>
  </testcase> <!-- @AfterMethod quit -->
  <testcase name="@BeforeMethod setup" time="0.0" classname="com.google.testcases.Google_02_Test">
    <skipped/>
  </testcase> <!-- @BeforeMethod setup -->
  <testcase name="@AfterMethod quit" time="0.0" classname="com.google.testcases.Google_02_Test">
    <skipped/>
  </testcase> <!-- @AfterMethod quit -->
  <testcase name="@BeforeMethod setup" time="0.0" classname="com.google.testcases.Google_02_Test">
    <skipped/>
  </testcase> <!-- @BeforeMethod setup -->
  <testcase name="@AfterMethod quit" time="0.0" classname="com.google.testcases.Google_02_Test">
    <skipped/>
  </testcase> <!-- @AfterMethod quit -->
  <testcase name="@BeforeMethod setup" time="0.0" classname="com.google.testcases.Google_02_Test">
    <skipped/>
  </testcase> <!-- @BeforeMethod setup -->
  <testcase name="@AfterMethod quit" time="0.0" classname="com.google.testcases.Google_02_Test">
    <skipped/>
  </testcase> <!-- @AfterMethod quit -->
  <testcase name="@BeforeMethod setup" time="0.0" classname="com.google.testcases.Google_02_Test">
    <skipped/>
  </testcase> <!-- @BeforeMethod setup -->
  <testcase name="@AfterMethod quit" time="0.0" classname="com.google.testcases.Google_02_Test">
    <skipped/>
  </testcase> <!-- @AfterMethod quit -->
  <testcase name="@BeforeMethod setup" time="0.0" classname="com.google.testcases.Google_02_Test">
    <skipped/>
  </testcase> <!-- @BeforeMethod setup -->
  <testcase name="@AfterMethod quit" time="0.0" classname="com.google.testcases.Google_02_Test">
    <skipped/>
  </testcase> <!-- @AfterMethod quit -->
  <testcase name="@BeforeMethod setup" time="0.0" classname="com.google.testcases.Google_02_Test">
    <skipped/>
  </testcase> <!-- @BeforeMethod setup -->
  <testcase name="@AfterMethod quit" time="0.0" classname="com.google.testcases.Google_02_Test">
    <skipped/>
  </testcase> <!-- @AfterMethod quit -->
  <testcase name="@BeforeMethod setup" time="0.0" classname="com.google.testcases.Google_02_Test">
    <skipped/>
  </testcase> <!-- @BeforeMethod setup -->
  <testcase name="@AfterMethod quit" time="0.0" classname="com.google.testcases.Google_02_Test">
    <skipped/>
  </testcase> <!-- @AfterMethod quit -->
  <testcase name="@BeforeMethod setup" time="0.0" classname="com.google.testcases.Google_02_Test">
    <skipped/>
  </testcase> <!-- @BeforeMethod setup -->
  <testcase name="@AfterMethod quit" time="0.0" classname="com.google.testcases.Google_02_Test">
    <skipped/>
  </testcase> <!-- @AfterMethod quit -->
  <testcase name="@BeforeMethod setup" time="0.0" classname="com.google.testcases.Google_02_Test">
    <skipped/>
  </testcase> <!-- @BeforeMethod setup -->
  <testcase name="@AfterMethod quit" time="0.0" classname="com.google.testcases.Google_02_Test">
    <skipped/>
  </testcase> <!-- @AfterMethod quit -->
  <testcase name="@BeforeMethod setup" time="0.0" classname="com.google.testcases.Google_03_SearchTest">
    <skipped/>
  </testcase> <!-- @BeforeMethod setup -->
  <testcase name="@AfterMethod quit" time="0.0" classname="com.google.testcases.Google_03_SearchTest">
    <skipped/>
  </testcase> <!-- @AfterMethod quit -->
  <testcase name="@BeforeMethod setup" time="0.0" classname="com.google.testcases.Google_03_SearchTest">
    <skipped/>
  </testcase> <!-- @BeforeMethod setup -->
  <testcase name="@AfterMethod quit" time="0.0" classname="com.google.testcases.Google_03_SearchTest">
    <skipped/>
  </testcase> <!-- @AfterMethod quit -->
  <testcase name="@BeforeMethod setup" time="0.0" classname="com.google.testcases.Google_03_SearchTest">
    <skipped/>
  </testcase> <!-- @BeforeMethod setup -->
  <testcase name="@AfterMethod quit" time="0.0" classname="com.google.testcases.Google_03_SearchTest">
    <skipped/>
  </testcase> <!-- @AfterMethod quit -->
  <testcase name="@BeforeClass execute" time="0.0" classname="com.google.testcases.Goggle_03_YouTubeTest">
    <skipped/>
  </testcase> <!-- @BeforeClass execute -->
  <testcase name="@BeforeMethod setup" time="0.0" classname="com.google.testcases.Goggle_03_YouTubeTest">
    <skipped/>
  </testcase> <!-- @BeforeMethod setup -->
  <testcase name="@AfterMethod quit" time="0.0" classname="com.google.testcases.Goggle_03_YouTubeTest">
    <skipped/>
  </testcase> <!-- @AfterMethod quit -->
  <testcase name="@BeforeMethod setup" time="0.0" classname="com.google.testcases.Goggle_03_YouTubeTest">
    <skipped/>
  </testcase> <!-- @BeforeMethod setup -->
  <testcase name="@AfterMethod quit" time="0.0" classname="com.google.testcases.Goggle_03_YouTubeTest">
    <skipped/>
  </testcase> <!-- @AfterMethod quit -->
  <testcase name="@BeforeMethod setup" time="0.0" classname="com.google.testcases.Goggle_03_YouTubeTest">
    <skipped/>
  </testcase> <!-- @BeforeMethod setup -->
  <testcase name="@AfterMethod quit" time="0.0" classname="com.google.testcases.Goggle_03_YouTubeTest">
    <skipped/>
  </testcase> <!-- @AfterMethod quit -->
  <testcase name="@BeforeMethod setup" time="0.0" classname="com.google.testcases.Goggle_03_YouTubeTest">
    <skipped/>
  </testcase> <!-- @BeforeMethod setup -->
  <testcase name="@AfterMethod quit" time="0.0" classname="com.google.testcases.Goggle_03_YouTubeTest">
    <skipped/>
  </testcase> <!-- @AfterMethod quit -->
  <testcase name="@BeforeMethod setup" time="0.0" classname="com.google.testcases.Google_03_GmailTest">
    <skipped/>
  </testcase> <!-- @BeforeMethod setup -->
  <testcase name="@AfterMethod quit" time="0.0" classname="com.google.testcases.Google_03_GmailTest">
    <skipped/>
  </testcase> <!-- @AfterMethod quit -->
  <testcase name="@BeforeMethod setup" time="0.0" classname="com.google.testcases.Google_03_GmailTest">
    <skipped/>
  </testcase> <!-- @BeforeMethod setup -->
  <testcase name="@AfterMethod quit" time="0.0" classname="com.google.testcases.Google_03_GmailTest">
    <skipped/>
  </testcase> <!-- @AfterMethod quit -->
  <testcase name="@BeforeMethod setup" time="0.0" classname="com.google.testcases.Google_03_GmailTest">
    <skipped/>
  </testcase> <!-- @BeforeMethod setup -->
  <testcase name="@AfterMethod quit" time="0.0" classname="com.google.testcases.Google_03_GmailTest">
    <skipped/>
  </testcase> <!-- @AfterMethod quit -->
  <testcase name="@BeforeMethod setup" time="0.0" classname="com.google.testcases.Google_03_GmailTest">
    <skipped/>
  </testcase> <!-- @BeforeMethod setup -->
  <testcase name="@AfterMethod quit" time="0.0" classname="com.google.testcases.Google_03_GmailTest">
    <skipped/>
  </testcase> <!-- @AfterMethod quit -->
  <testcase name="@BeforeMethod setup" time="0.0" classname="com.google.testcases.Google_15_VerifySearchOperationTest">
    <skipped/>
  </testcase> <!-- @BeforeMethod setup -->
  <testcase name="@BeforeMethod setup" time="0.0" classname="com.google.testcases.Google_01_Test">
    <skipped/>
  </testcase> <!-- @BeforeMethod setup -->
  <testcase name="@AfterMethod quit" time="0.0" classname="com.google.testcases.Google_01_Test">
    <skipped/>
  </testcase> <!-- @AfterMethod quit -->
  <testcase name="@BeforeMethod setup" time="0.0" classname="com.google.testcases.Google_01_Test">
    <skipped/>
  </testcase> <!-- @BeforeMethod setup -->
  <testcase name="@AfterMethod quit" time="0.0" classname="com.google.testcases.Google_01_Test">
    <skipped/>
  </testcase> <!-- @AfterMethod quit -->
  <testcase name="@BeforeMethod setup" time="0.0" classname="com.google.testcases.Google_01_Test">
    <skipped/>
  </testcase> <!-- @BeforeMethod setup -->
  <testcase name="@AfterMethod quit" time="0.0" classname="com.google.testcases.Google_01_Test">
    <skipped/>
  </testcase> <!-- @AfterMethod quit -->
  <testcase name="@BeforeMethod setup" time="0.0" classname="com.google.testcases.Google_01_Test">
    <skipped/>
  </testcase> <!-- @BeforeMethod setup -->
  <testcase name="@AfterMethod quit" time="0.0" classname="com.google.testcases.Google_01_Test">
    <skipped/>
  </testcase> <!-- @AfterMethod quit -->
  <testcase name="@BeforeMethod setup" time="0.0" classname="com.google.testcases.Google_01_Test">
    <skipped/>
  </testcase> <!-- @BeforeMethod setup -->
  <testcase name="@AfterMethod quit" time="0.0" classname="com.google.testcases.Google_01_Test">
    <skipped/>
  </testcase> <!-- @AfterMethod quit -->
  <testcase name="@BeforeMethod setup" time="0.0" classname="com.google.testcases.Google_11_VerifyStarMailTest">
    <skipped/>
  </testcase> <!-- @BeforeMethod setup -->
  <testcase name="@BeforeMethod setup" time="0.0" classname="com.google.testcases.Google_03_PhotosTest">
    <skipped/>
  </testcase> <!-- @BeforeMethod setup -->
  <testcase name="@AfterMethod quit" time="0.0" classname="com.google.testcases.Google_03_PhotosTest">
    <skipped/>
  </testcase> <!-- @AfterMethod quit -->
  <testcase name="@BeforeMethod setup" time="0.0" classname="com.google.testcases.Google_03_PhotosTest">
    <skipped/>
  </testcase> <!-- @BeforeMethod setup -->
  <testcase name="@AfterMethod quit" time="0.0" classname="com.google.testcases.Google_03_PhotosTest">
    <skipped/>
  </testcase> <!-- @AfterMethod quit -->
  <testcase name="@BeforeMethod setup" time="0.0" classname="com.google.testcases.Google_03_PhotosTest">
    <skipped/>
  </testcase> <!-- @BeforeMethod setup -->
  <testcase name="@AfterMethod quit" time="0.0" classname="com.google.testcases.Google_03_PhotosTest">
    <skipped/>
  </testcase> <!-- @AfterMethod quit -->
  <testcase name="@BeforeMethod setup" time="0.0" classname="com.google.testcases.Google_06_Test">
    <skipped/>
  </testcase> <!-- @BeforeMethod setup -->
  <testcase name="@BeforeMethod setup" time="0.0" classname="com.google.testcases.Google_17_VerifyGmailSettingTest">
    <skipped/>
  </testcase> <!-- @BeforeMethod setup -->
  <testcase name="@AfterMethod quit" time="0.0" classname="com.google.testcases.Google_17_VerifyGmailSettingTest">
    <skipped/>
  </testcase> <!-- @AfterMethod quit -->
  <testcase name="@BeforeMethod setup" time="0.0" classname="com.google.testcases.Google_10_GmailVerifyTest">
    <skipped/>
  </testcase> <!-- @BeforeMethod setup -->
  <testcase name="@AfterMethod quit" time="0.0" classname="com.google.testcases.Google_10_GmailVerifyTest">
    <skipped/>
  </testcase> <!-- @AfterMethod quit -->
  <testcase name="@BeforeMethod setup" time="0.0" classname="com.google.testcases.Google_04_YoutubeSignInTest">
    <skipped/>
  </testcase> <!-- @BeforeMethod setup -->
  <testcase name="@AfterMethod quit" time="0.0" classname="com.google.testcases.Google_04_YoutubeSignInTest">
    <skipped/>
  </testcase> <!-- @AfterMethod quit -->
  <testcase name="@BeforeMethod setup" time="0.0" classname="com.google.testcases.Google_04_CalenderSignInTest">
    <skipped/>
  </testcase> <!-- @BeforeMethod setup -->
  <testcase name="@AfterMethod quit" time="0.0" classname="com.google.testcases.Google_04_CalenderSignInTest">
    <skipped/>
  </testcase> <!-- @AfterMethod quit -->
  <testcase name="@BeforeMethod setup" time="0.0" classname="com.google.testcases.Google_19_VerifyGmailMovedTest">
    <skipped/>
  </testcase> <!-- @BeforeMethod setup -->
  <testcase name="@AfterMethod quit" time="0.0" classname="com.google.testcases.Google_19_VerifyGmailMovedTest">
    <skipped/>
  </testcase> <!-- @AfterMethod quit -->
  <testcase name="@BeforeMethod setup" time="0.0" classname="com.google.testcases.Google_05_HindiTest">
    <skipped/>
  </testcase> <!-- @BeforeMethod setup -->
  <testcase name="@BeforeMethod setup" time="0.0" classname="com.google.testcases.Google_05_HindiTest">
    <skipped/>
  </testcase> <!-- @BeforeMethod setup -->
  <testcase name="@BeforeMethod setup" time="0.0" classname="com.google.testcases.Google_05_HindiTest">
    <skipped/>
  </testcase> <!-- @BeforeMethod setup -->
  <testcase name="@BeforeMethod setup" time="0.0" classname="com.google.testcases.Google_03_MapTest">
    <skipped/>
  </testcase> <!-- @BeforeMethod setup -->
  <testcase name="@AfterMethod quit" time="0.0" classname="com.google.testcases.Google_03_MapTest">
    <skipped/>
  </testcase> <!-- @AfterMethod quit -->
  <testcase name="@BeforeMethod setup" time="0.0" classname="com.google.testcases.Google_03_MapTest">
    <skipped/>
  </testcase> <!-- @BeforeMethod setup -->
  <testcase name="@AfterMethod quit" time="0.0" classname="com.google.testcases.Google_03_MapTest">
    <skipped/>
  </testcase> <!-- @AfterMethod quit -->
  <testcase name="@BeforeMethod setup" time="0.0" classname="com.google.testcases.Google_18_VerifyGmailNewLabelTest">
    <skipped/>
  </testcase> <!-- @BeforeMethod setup -->
  <testcase name="@AfterMethod quit" time="0.0" classname="com.google.testcases.Google_18_VerifyGmailNewLabelTest">
    <skipped/>
  </testcase> <!-- @AfterMethod quit -->
  <testcase name="@BeforeMethod setup" time="0.0" classname="com.google.testcases.Google_09_GmailAccountVerifyTest">
    <skipped/>
  </testcase> <!-- @BeforeMethod setup -->
  <testcase name="@AfterMethod quit" time="0.0" classname="com.google.testcases.Google_09_GmailAccountVerifyTest">
    <skipped/>
  </testcase> <!-- @AfterMethod quit -->
  <testcase name="@BeforeMethod setup" time="0.0" classname="com.google.testcases.Google_12_VerifyUnreadTest">
    <skipped/>
  </testcase> <!-- @BeforeMethod setup -->
  <testcase name="@BeforeMethod setup" time="0.0" classname="com.google.testcases.Google_04_GmailSignInTest">
    <skipped/>
  </testcase> <!-- @BeforeMethod setup -->
  <testcase name="@AfterMethod quit" time="0.0" classname="com.google.testcases.Google_04_GmailSignInTest">
    <skipped/>
  </testcase> <!-- @AfterMethod quit -->
  <testcase name="@BeforeMethod setup" time="0.0" classname="com.google.testcases.Google_03_PlayStoreTest">
    <skipped/>
  </testcase> <!-- @BeforeMethod setup -->
  <testcase name="@BeforeMethod setup" time="0.0" classname="com.google.testcases.Google_03_PlayStoreTest">
    <skipped/>
  </testcase> <!-- @BeforeMethod setup -->
  <testcase name="@BeforeMethod setup" time="0.0" classname="com.google.testcases.Google_03_PlayStoreTest">
    <skipped/>
  </testcase> <!-- @BeforeMethod setup -->
  <testcase name="@BeforeMethod setup" time="0.0" classname="com.google.testcases.Google_03_PlayStoreTest">
    <skipped/>
  </testcase> <!-- @BeforeMethod setup -->
  <testcase name="@BeforeMethod setup" time="0.0" classname="com.google.testcases.Google_12_VerifyReadMailTest">
    <skipped/>
  </testcase> <!-- @BeforeMethod setup -->
  <testcase name="@AfterMethod quit" time="0.0" classname="com.google.testcases.Google_12_VerifyReadMailTest">
    <skipped/>
  </testcase> <!-- @AfterMethod quit -->
  <testcase name="@BeforeMethod setup" time="0.0" classname="com.google.testcases.Google_04_NewsSignInTest">
    <skipped/>
  </testcase> <!-- @BeforeMethod setup -->
  <testcase name="getTitle" time="0.0" classname="com.google.testcases.Google_03_GooglePlusTest">
    <skipped/>
  </testcase> <!-- getTitle -->
  <testcase name="checkGoogleplustext" time="0.001" classname="com.google.testcases.Google_03_GooglePlusTest">
    <skipped/>
  </testcase> <!-- checkGoogleplustext -->
  <testcase name="GooglePlusSearchBox" time="0.006" classname="com.google.testcases.Google_03_GooglePlusTest">
    <skipped/>
  </testcase> <!-- GooglePlusSearchBox -->
  <testcase name="getTitle" time="0.001" classname="com.google.testcases.Google_03_DriveTest">
    <skipped/>
  </testcase> <!-- getTitle -->
  <testcase name="checkGoogleDriveText" time="0.0" classname="com.google.testcases.Google_03_DriveTest">
    <skipped/>
  </testcase> <!-- checkGoogleDriveText -->
  <testcase name="checkMeetDrive" time="0.009" classname="com.google.testcases.Google_03_DriveTest">
    <skipped/>
  </testcase> <!-- checkMeetDrive -->
  <testcase name="checkUsingDrive" time="0.001" classname="com.google.testcases.Google_03_DriveTest">
    <skipped/>
  </testcase> <!-- checkUsingDrive -->
  <testcase name="checkDriveIcon" time="0.0" classname="com.google.testcases.Google_03_DriveTest">
    <skipped/>
  </testcase> <!-- checkDriveIcon -->
  <testcase name="checkGotoDrive" time="0.001" classname="com.google.testcases.Google_03_DriveTest">
    <skipped/>
  </testcase> <!-- checkGotoDrive -->
  <testcase name="getTitle" time="0.0" classname="com.google.testcases.Google_03_NewsTest">
    <skipped/>
  </testcase> <!-- getTitle -->
  <testcase name="checkGoogleNewsText" time="0.001" classname="com.google.testcases.Google_03_NewsTest">
    <skipped/>
  </testcase> <!-- checkGoogleNewsText -->
  <testcase name="CheckGoogleTopNews" time="0.0" classname="com.google.testcases.Google_03_NewsTest">
    <skipped/>
  </testcase> <!-- CheckGoogleTopNews -->
  <testcase name="matchAccount" time="0.001" classname="com.google.testcases.Google_04_MapSignInTest">
    <skipped/>
  </testcase> <!-- matchAccount -->
  <testcase name="matchAccount" time="0.001" classname="com.google.testcases.Google_04_DriveSignInTest">
    <skipped/>
  </testcase> <!-- matchAccount -->
  <testcase name="createAccount" time="0.0" classname="com.google.testcases.Google_20_VerifyGmailSignOutTest">
    <skipped/>
  </testcase> <!-- createAccount -->
  <testcase name="createAccount" time="0.001" classname="com.google.testcases.Google_04_AccountSignInTest">
    <skipped/>
  </testcase> <!-- createAccount -->
  <testcase name="matchAccount" time="0.001" classname="com.google.testcases.Google_04_AccountSignInTest">
    <skipped/>
  </testcase> <!-- matchAccount -->
  <testcase name="createAccount" time="0.001" classname="com.google.testcases.Google_14_VerifyGmailSendTest">
    <skipped/>
  </testcase> <!-- createAccount -->
  <testcase name="getTitle" time="0.001" classname="com.google.testcases.Google_03_MyAccountTest">
    <skipped/>
  </testcase> <!-- getTitle -->
  <testcase name="checkGoogleAccountTxt" time="0.002" classname="com.google.testcases.Google_03_MyAccountTest">
    <skipped/>
  </testcase> <!-- checkGoogleAccountTxt -->
  <testcase name="getTitle" time="0.0" classname="com.google.testcases.Goggle_03_CalenderTest">
    <skipped/>
  </testcase> <!-- getTitle -->
  <testcase name="createAccount" time="0.0" classname="com.google.testcases.Google_13_GmailComposeVerifyTest">
    <skipped/>
  </testcase> <!-- createAccount -->
  <testcase name="checkwebSearch" time="0.0" classname="com.google.testcases.Google_08_ProductWebTest">
    <skipped/>
  </testcase> <!-- checkwebSearch -->
  <testcase name="checkgoogleChrome" time="0.002" classname="com.google.testcases.Google_08_ProductWebTest">
    <skipped/>
  </testcase> <!-- checkgoogleChrome -->
  <testcase name="checktoolBar" time="0.001" classname="com.google.testcases.Google_08_ProductWebTest">
    <skipped/>
  </testcase> <!-- checktoolBar -->
  <testcase name="checkBookMarks" time="0.0" classname="com.google.testcases.Google_08_ProductWebTest">
    <skipped/>
  </testcase> <!-- checkBookMarks -->
  <testcase name="checkmobile" time="0.0" classname="com.google.testcases.Google_08_ProductWebTest">
    <skipped/>
  </testcase> <!-- checkmobile -->
  <testcase name="checkmapsforMobile" time="0.0" classname="com.google.testcases.Google_08_ProductWebTest">
    <skipped/>
  </testcase> <!-- checkmapsforMobile -->
  <testcase name="checksearchForMobiles" time="0.001" classname="com.google.testcases.Google_08_ProductWebTest">
    <skipped/>
  </testcase> <!-- checksearchForMobiles -->
  <testcase name="checkadWords" time="0.0" classname="com.google.testcases.Google_08_ProductWebTest">
    <skipped/>
  </testcase> <!-- checkadWords -->
  <testcase name="checkgoogleAppsForWork" time="0.0" classname="com.google.testcases.Google_08_ProductWebTest">
    <skipped/>
  </testcase> <!-- checkgoogleAppsForWork -->
  <testcase name="checkgoogleMyBussiness" time="0.001" classname="com.google.testcases.Google_08_ProductWebTest">
    <skipped/>
  </testcase> <!-- checkgoogleMyBussiness -->
  <testcase name="checkadSense" time="0.001" classname="com.google.testcases.Google_08_ProductWebTest">
    <skipped/>
  </testcase> <!-- checkadSense -->
  <testcase name="checkadMob" time="0.0" classname="com.google.testcases.Google_08_ProductWebTest">
    <skipped/>
  </testcase> <!-- checkadMob -->
  <testcase name="checkyouTube" time="0.0" classname="com.google.testcases.Google_08_ProductWebTest">
    <skipped/>
  </testcase> <!-- checkyouTube -->
  <testcase name="checkBooks" time="0.001" classname="com.google.testcases.Google_08_ProductWebTest">
    <skipped/>
  </testcase> <!-- checkBooks -->
  <testcase name="checkImageSearch" time="0.001" classname="com.google.testcases.Google_08_ProductWebTest">
    <skipped/>
  </testcase> <!-- checkImageSearch -->
  <testcase name="checkNews" time="0.0" classname="com.google.testcases.Google_08_ProductWebTest">
    <skipped/>
  </testcase> <!-- checkNews -->
  <testcase name="checkvideoSearch" time="0.0" classname="com.google.testcases.Google_08_ProductWebTest">
    <skipped/>
  </testcase> <!-- checkvideoSearch -->
  <testcase name="checkpicasa" time="0.002" classname="com.google.testcases.Google_08_ProductWebTest">
    <skipped/>
  </testcase> <!-- checkpicasa -->
  <testcase name="checkmaps" time="0.002" classname="com.google.testcases.Google_08_ProductWebTest">
    <skipped/>
  </testcase> <!-- checkmaps -->
  <testcase name="checkearth" time="0.0" classname="com.google.testcases.Google_08_ProductWebTest">
    <skipped/>
  </testcase> <!-- checkearth -->
  <testcase name="checkpanorania" time="0.001" classname="com.google.testcases.Google_08_ProductWebTest">
    <skipped/>
  </testcase> <!-- checkpanorania -->
  <testcase name="checkcustomeSearch" time="0.002" classname="com.google.testcases.Google_08_ProductWebTest">
    <skipped/>
  </testcase> <!-- checkcustomeSearch -->
  <testcase name="checkscholar" time="0.0" classname="com.google.testcases.Google_08_ProductWebTest">
    <skipped/>
  </testcase> <!-- checkscholar -->
  <testcase name="checktrends" time="0.0" classname="com.google.testcases.Google_08_ProductWebTest">
    <skipped/>
  </testcase> <!-- checktrends -->
  <testcase name="checkgmail" time="0.0" classname="com.google.testcases.Google_08_ProductWebTest">
    <skipped/>
  </testcase> <!-- checkgmail -->
  <testcase name="checkdrive" time="0.017" classname="com.google.testcases.Google_08_ProductWebTest">
    <skipped/>
  </testcase> <!-- checkdrive -->
  <testcase name="checkdocs" time="0.004" classname="com.google.testcases.Google_08_ProductWebTest">
    <skipped/>
  </testcase> <!-- checkdocs -->
  <testcase name="checksheets" time="0.0" classname="com.google.testcases.Google_08_ProductWebTest">
    <skipped/>
  </testcase> <!-- checksheets -->
  <testcase name="checkslides" time="0.0" classname="com.google.testcases.Google_08_ProductWebTest">
    <skipped/>
  </testcase> <!-- checkslides -->
  <testcase name="checkforms" time="0.001" classname="com.google.testcases.Google_08_ProductWebTest">
    <skipped/>
  </testcase> <!-- checkforms -->
  <testcase name="checkdrawings" time="0.001" classname="com.google.testcases.Google_08_ProductWebTest">
    <skipped/>
  </testcase> <!-- checkdrawings -->
  <testcase name="checksales" time="0.001" classname="com.google.testcases.Google_08_ProductWebTest">
    <skipped/>
  </testcase> <!-- checksales -->
  <testcase name="checkCalender" time="0.0" classname="com.google.testcases.Google_08_ProductWebTest">
    <skipped/>
  </testcase> <!-- checkCalender -->
  <testcase name="checkTranslate" time="0.001" classname="com.google.testcases.Google_08_ProductWebTest">
    <skipped/>
  </testcase> <!-- checkTranslate -->
  <testcase name="checkgooglecloudprint" time="0.0" classname="com.google.testcases.Google_08_ProductWebTest">
    <skipped/>
  </testcase> <!-- checkgooglecloudprint -->
  <testcase name="checkgooglekeeps" time="0.0" classname="com.google.testcases.Google_08_ProductWebTest">
    <skipped/>
  </testcase> <!-- checkgooglekeeps -->
  <testcase name="checkgooglestore" time="0.002" classname="com.google.testcases.Google_08_ProductWebTest">
    <skipped/>
  </testcase> <!-- checkgooglestore -->
  <testcase name="checkGoogleplus" time="0.001" classname="com.google.testcases.Google_08_ProductWebTest">
    <skipped/>
  </testcase> <!-- checkGoogleplus -->
  <testcase name="checkblogger" time="0.0" classname="com.google.testcases.Google_08_ProductWebTest">
    <skipped/>
  </testcase> <!-- checkblogger -->
  <testcase name="checkgroups" time="0.001" classname="com.google.testcases.Google_08_ProductWebTest">
    <skipped/>
  </testcase> <!-- checkgroups -->
  <testcase name="checkhangouts" time="0.001" classname="com.google.testcases.Google_08_ProductWebTest">
    <skipped/>
  </testcase> <!-- checkhangouts -->
  <testcase name="checkcode" time="0.001" classname="com.google.testcases.Google_08_ProductWebTest">
    <skipped/>
  </testcase> <!-- checkcode -->
  <testcase name="checkTitle" time="0.0" classname="com.google.testcases.Google_03_TranslateTest">
    <skipped/>
  </testcase> <!-- checkTitle -->
  <testcase name="checkTranslateTxt" time="0.001" classname="com.google.testcases.Google_03_TranslateTest">
    <skipped/>
  </testcase> <!-- checkTranslateTxt -->
  <testcase name="checkTranslateBtn" time="0.0" classname="com.google.testcases.Google_03_TranslateTest">
    <skipped/>
  </testcase> <!-- checkTranslateBtn -->
  <testcase name="createAccount" time="0.0" classname="com.google.testcases.Google_16_GmailAttachmentTest">
    <skipped/>
  </testcase> <!-- createAccount -->
  <testcase name="getWikipediaTxt" time="0.0" classname="com.google.testcases.Google_07_VerifySearchTest">
    <skipped/>
  </testcase> <!-- getWikipediaTxt -->
  <testcase name="matchAccount" time="0.001" classname="com.google.testcases.Google04_PlayStoreSignInTest">
    <skipped/>
  </testcase> <!-- matchAccount -->
  <testcase name="checkAccount" time="0.0" classname="com.google.testcases.Google_02_Test">
    <skipped/>
  </testcase> <!-- checkAccount -->
  <testcase name="checkSearchbtn" time="0.0" classname="com.google.testcases.Google_02_Test">
    <skipped/>
  </testcase> <!-- checkSearchbtn -->
  <testcase name="checkMap" time="0.0" classname="com.google.testcases.Google_02_Test">
    <skipped/>
  </testcase> <!-- checkMap -->
  <testcase name="checkYoutube" time="0.001" classname="com.google.testcases.Google_02_Test">
    <skipped/>
  </testcase> <!-- checkYoutube -->
  <testcase name="checkPlaystore" time="0.001" classname="com.google.testcases.Google_02_Test">
    <skipped/>
  </testcase> <!-- checkPlaystore -->
  <testcase name="checkNews" time="0.0" classname="com.google.testcases.Google_02_Test">
    <skipped/>
  </testcase> <!-- checkNews -->
  <testcase name="checkGmail" time="0.0" classname="com.google.testcases.Google_02_Test">
    <skipped/>
  </testcase> <!-- checkGmail -->
  <testcase name="checkDrive" time="0.001" classname="com.google.testcases.Google_02_Test">
    <skipped/>
  </testcase> <!-- checkDrive -->
  <testcase name="checkCalender" time="0.0" classname="com.google.testcases.Google_02_Test">
    <skipped/>
  </testcase> <!-- checkCalender -->
  <testcase name="checkGooglePlus" time="0.001" classname="com.google.testcases.Google_02_Test">
    <skipped/>
  </testcase> <!-- checkGooglePlus -->
  <testcase name="checkTranslate" time="0.0" classname="com.google.testcases.Google_02_Test">
    <skipped/>
  </testcase> <!-- checkTranslate -->
  <testcase name="checkPhotos" time="0.0" classname="com.google.testcases.Google_02_Test">
    <skipped/>
  </testcase> <!-- checkPhotos -->
  <testcase name="checkSearch" time="0.0" classname="com.google.testcases.Google_03_SearchTest">
    <skipped/>
  </testcase> <!-- checkSearch -->
  <testcase name="checkGoogleSearch" time="0.0" classname="com.google.testcases.Google_03_SearchTest">
    <skipped/>
  </testcase> <!-- checkGoogleSearch -->
  <testcase name="checkLuckybtn" time="0.0" classname="com.google.testcases.Google_03_SearchTest">
    <skipped/>
  </testcase> <!-- checkLuckybtn -->
  <testcase name="compareTitle" time="0.001" classname="com.google.testcases.Goggle_03_YouTubeTest">
    <skipped/>
  </testcase> <!-- compareTitle -->
  <testcase name="checkYoutubeText" time="0.001" classname="com.google.testcases.Goggle_03_YouTubeTest">
    <skipped/>
  </testcase> <!-- checkYoutubeText -->
  <testcase name="checkYoutubeSearchbox" time="0.0" classname="com.google.testcases.Goggle_03_YouTubeTest">
    <skipped/>
  </testcase> <!-- checkYoutubeSearchbox -->
  <testcase name="checkUploadbtb" time="0.002" classname="com.google.testcases.Goggle_03_YouTubeTest">
    <skipped/>
  </testcase> <!-- checkUploadbtb -->
  <testcase name="getTitle" time="0.0" classname="com.google.testcases.Google_03_GmailTest">
    <skipped/>
  </testcase> <!-- getTitle -->
  <testcase name="checkGmailImg" time="0.0" classname="com.google.testcases.Google_03_GmailTest">
    <skipped/>
  </testcase> <!-- checkGmailImg -->
  <testcase name="checkSignInBtn" time="0.0" classname="com.google.testcases.Google_03_GmailTest">
    <skipped/>
  </testcase> <!-- checkSignInBtn -->
  <testcase name="checkCreateAccBtn" time="0.001" classname="com.google.testcases.Google_03_GmailTest">
    <skipped/>
  </testcase> <!-- checkCreateAccBtn -->
  <testcase name="createAccount" time="0.001" classname="com.google.testcases.Google_15_VerifySearchOperationTest">
    <skipped/>
  </testcase> <!-- createAccount -->
  <testcase name="checkSearch" time="0.0" classname="com.google.testcases.Google_01_Test">
    <skipped/>
  </testcase> <!-- checkSearch -->
  <testcase name="CheckGoogleSearch" time="0.0" classname="com.google.testcases.Google_01_Test">
    <skipped/>
  </testcase> <!-- CheckGoogleSearch -->
  <testcase name="CheckLuckybtn" time="0.0" classname="com.google.testcases.Google_01_Test">
    <skipped/>
  </testcase> <!-- CheckLuckybtn -->
  <testcase name="CheckSignin" time="0.0" classname="com.google.testcases.Google_01_Test">
    <skipped/>
  </testcase> <!-- CheckSignin -->
  <testcase name="clickGoogle" time="0.001" classname="com.google.testcases.Google_01_Test">
    <skipped/>
  </testcase> <!-- clickGoogle -->
  <testcase name="starredemails" time="0.0" classname="com.google.testcases.Google_11_VerifyStarMailTest">
    <skipped/>
  </testcase> <!-- starredemails -->
  <testcase name="getTitle" time="0.0" classname="com.google.testcases.Google_03_PhotosTest">
    <skipped/>
  </testcase> <!-- getTitle -->
  <testcase name="checkPhotosTxt" time="0.0" classname="com.google.testcases.Google_03_PhotosTest">
    <skipped/>
  </testcase> <!-- checkPhotosTxt -->
  <testcase name="checkGoToGooglePhotosBtn" time="0.001" classname="com.google.testcases.Google_03_PhotosTest">
    <skipped/>
  </testcase> <!-- checkGoToGooglePhotosBtn -->
  <testcase name="quit" time="0.0" classname="com.google.testcases.Google_06_Test">
    <skipped/>
  </testcase> <!-- quit -->
  <testcase name="createAccount" time="0.0" classname="com.google.testcases.Google_17_VerifyGmailSettingTest">
    <skipped/>
  </testcase> <!-- createAccount -->
  <testcase name="createAccount" time="0.0" classname="com.google.testcases.Google_10_GmailVerifyTest">
    <skipped/>
  </testcase> <!-- createAccount -->
  <testcase name="matchAccount" time="0.001" classname="com.google.testcases.Google_04_YoutubeSignInTest">
    <skipped/>
  </testcase> <!-- matchAccount -->
  <testcase name="matchAccount" time="0.0" classname="com.google.testcases.Google_04_CalenderSignInTest">
    <skipped/>
  </testcase> <!-- matchAccount -->
  <testcase name="createAccount" time="0.001" classname="com.google.testcases.Google_19_VerifyGmailMovedTest">
    <skipped/>
  </testcase> <!-- createAccount -->
  <testcase name="getHindiSearchTxt" time="0.001" classname="com.google.testcases.Google_05_HindiTest">
    <skipped/>
  </testcase> <!-- getHindiSearchTxt -->
  <testcase name="getHindiLuckyDayTxt" time="0.0" classname="com.google.testcases.Google_05_HindiTest">
    <skipped/>
  </testcase> <!-- getHindiLuckyDayTxt -->
  <testcase name="getHindiSignInBtnTxt" time="0.0" classname="com.google.testcases.Google_05_HindiTest">
    <skipped/>
  </testcase> <!-- getHindiSignInBtnTxt -->
  <testcase name="checkSerachGoogleMap" time="0.0" classname="com.google.testcases.Google_03_MapTest">
    <skipped/>
  </testcase> <!-- checkSerachGoogleMap -->
  <testcase name="checkHorizontal" time="0.0" classname="com.google.testcases.Google_03_MapTest">
    <skipped/>
  </testcase> <!-- checkHorizontal -->
  <testcase name="createAccount" time="0.001" classname="com.google.testcases.Google_18_VerifyGmailNewLabelTest">
    <skipped/>
  </testcase> <!-- createAccount -->
  <testcase name="test" time="0.001" classname="com.google.testcases.Google_09_GmailAccountVerifyTest">
    <skipped/>
  </testcase> <!-- test -->
  <testcase name="createAccount" time="0.0" classname="com.google.testcases.Google_12_VerifyUnreadTest">
    <skipped/>
  </testcase> <!-- createAccount -->
  <testcase name="matchAccount" time="0.0" classname="com.google.testcases.Google_04_GmailSignInTest">
    <skipped/>
  </testcase> <!-- matchAccount -->
  <testcase name="getTitle" time="0.001" classname="com.google.testcases.Google_03_PlayStoreTest">
    <skipped/>
  </testcase> <!-- getTitle -->
  <testcase name="checkPlayStoreImg" time="0.001" classname="com.google.testcases.Google_03_PlayStoreTest">
    <skipped/>
  </testcase> <!-- checkPlayStoreImg -->
  <testcase name="checkPlaySearchBox" time="0.0" classname="com.google.testcases.Google_03_PlayStoreTest">
    <skipped/>
  </testcase> <!-- checkPlaySearchBox -->
  <testcase name="checkPlayContent" time="0.0" classname="com.google.testcases.Google_03_PlayStoreTest">
    <skipped/>
  </testcase> <!-- checkPlayContent -->
  <testcase name="createAccount" time="0.0" classname="com.google.testcases.Google_12_VerifyReadMailTest">
    <skipped/>
  </testcase> <!-- createAccount -->
  <testcase name="creatAccount" time="0.001" classname="com.google.testcases.Google_04_NewsSignInTest">
    <skipped/>
  </testcase> <!-- creatAccount -->
</testsuite> <!-- Test -->
